<?xml version="1.0" encoding="UTF-8"?>
<!-- Generated by org.testng.reporters.JUnitReportReporter -->
<testsuite skipped="0" hostname="DESKTOP-75VQA62" name="AutomationAssignment.QTRecognition.RecentContactsPage" tests="1" failures="0" timestamp="2021-12-20T12:08:36 IST" time="15.744" errors="0">
  <testcase name="recentPage" time="15.744" classname="AutomationAssignment.QTRecognition.RecentContactsPage"/>
  <system-out/>
</testsuite> <!-- AutomationAssignment.QTRecognition.RecentContactsPage -->
