<?xml version="1.0" encoding="UTF-8"?>
<!-- Generated by org.testng.reporters.JUnitReportReporter -->
<testsuite skipped="0" hostname="DESKTOP-75VQA62" name="AutomationAssignment.QTRecognition.KudosSearchPage" tests="2" failures="0" timestamp="2021-12-20T12:08:36 IST" time="18.653" errors="0">
  <testcase name="kudosSearch1" time="9.333" classname="AutomationAssignment.QTRecognition.KudosSearchPage"/>
  <system-out/>
  <testcase name="kudosSearch2" time="9.320" classname="AutomationAssignment.QTRecognition.KudosSearchPage"/>
  <system-out/>
</testsuite> <!-- AutomationAssignment.QTRecognition.KudosSearchPage -->
