<?xml version="1.0" encoding="UTF-8"?>
<!-- Generated by org.testng.reporters.JUnitReportReporter -->
<testsuite skipped="0" hostname="DESKTOP-75VQA62" name="AutomationAssignment.QTRecognition.KudosSearchPage" tests="2" failures="0" timestamp="2021-12-19T14:23:46 IST" time="20.020" errors="0">
  <testcase name="kudosSearch1" time="10.514" classname="AutomationAssignment.QTRecognition.KudosSearchPage"/>
  <system-out/>
  <testcase name="kudosSearch2" time="9.506" classname="AutomationAssignment.QTRecognition.KudosSearchPage"/>
  <system-out/>
</testsuite> <!-- AutomationAssignment.QTRecognition.KudosSearchPage -->
