<?xml version="1.0" encoding="UTF-8"?>
<!-- Generated by org.testng.reporters.JUnitReportReporter -->
<testsuite hostname="DESKTOP-75VQA62" failures="0" tests="1" name="AutomationAssignment.QTRecognition.Login_verification" time="3.257" errors="0" timestamp="2021-12-14T15:10:17 IST" skipped="0">
  <testcase classname="AutomationAssignment.QTRecognition.Login_verification" name="url" time="3.257"/>
  <system-out/>
</testsuite> <!-- AutomationAssignment.QTRecognition.Login_verification -->
